2024-12-08 23:29:49,177 - INFO - Epoch 1/1000
2024-12-08 23:29:49,177 - INFO - Training Loss: 4.3692
2024-12-08 23:29:49,177 - INFO - Validation Loss: 4.0866
2024-12-08 23:29:49,177 - INFO - Sequence Error Rate: 1.0000
2024-12-08 23:29:49,177 - INFO - Symbol Error Rate: 0.8996
2024-12-08 23:30:57,547 - INFO - Epoch 2/1000
2024-12-08 23:30:57,547 - INFO - Training Loss: 3.8490
2024-12-08 23:30:57,547 - INFO - Validation Loss: 3.6659
2024-12-08 23:30:57,547 - INFO - Sequence Error Rate: 1.0000
2024-12-08 23:30:57,547 - INFO - Symbol Error Rate: 0.8937
2024-12-08 23:32:06,135 - INFO - Epoch 3/1000
2024-12-08 23:32:06,136 - INFO - Training Loss: 3.3758
2024-12-08 23:32:06,136 - INFO - Validation Loss: 3.4888
2024-12-08 23:32:06,136 - INFO - Sequence Error Rate: 0.9990
2024-12-08 23:32:06,136 - INFO - Symbol Error Rate: 0.8928
2024-12-08 23:33:14,923 - INFO - Epoch 4/1000
2024-12-08 23:33:14,924 - INFO - Training Loss: 3.0019
2024-12-08 23:33:14,924 - INFO - Validation Loss: 3.1670
2024-12-08 23:33:14,924 - INFO - Sequence Error Rate: 0.9927
2024-12-08 23:33:14,924 - INFO - Symbol Error Rate: 0.8854
2024-12-08 23:34:23,896 - INFO - Epoch 5/1000
2024-12-08 23:34:23,897 - INFO - Training Loss: 2.6668
2024-12-08 23:34:23,897 - INFO - Validation Loss: 2.9926
2024-12-08 23:34:23,897 - INFO - Sequence Error Rate: 0.9895
2024-12-08 23:34:23,897 - INFO - Symbol Error Rate: 0.8684
2024-12-08 23:35:32,923 - INFO - Epoch 6/1000
2024-12-08 23:35:32,923 - INFO - Training Loss: 2.3799
2024-12-08 23:35:32,923 - INFO - Validation Loss: 2.7299
2024-12-08 23:35:32,923 - INFO - Sequence Error Rate: 0.9876
2024-12-08 23:35:32,923 - INFO - Symbol Error Rate: 0.8469
2024-12-08 23:36:42,087 - INFO - Epoch 7/1000
2024-12-08 23:36:42,087 - INFO - Training Loss: 2.1135
2024-12-08 23:36:42,087 - INFO - Validation Loss: 2.4890
2024-12-08 23:36:42,087 - INFO - Sequence Error Rate: 0.9869
2024-12-08 23:36:42,087 - INFO - Symbol Error Rate: 0.8173
2024-12-08 23:37:50,793 - INFO - Epoch 8/1000
2024-12-08 23:37:50,793 - INFO - Training Loss: 1.8615
2024-12-08 23:37:50,793 - INFO - Validation Loss: 2.2607
2024-12-08 23:37:50,793 - INFO - Sequence Error Rate: 0.9783
2024-12-08 23:37:50,793 - INFO - Symbol Error Rate: 0.7952
2024-12-08 23:38:59,587 - INFO - Epoch 9/1000
2024-12-08 23:38:59,588 - INFO - Training Loss: 1.6724
2024-12-08 23:38:59,588 - INFO - Validation Loss: 1.9288
2024-12-08 23:38:59,588 - INFO - Sequence Error Rate: 0.9751
2024-12-08 23:38:59,588 - INFO - Symbol Error Rate: 0.7603
2024-12-08 23:40:08,152 - INFO - Epoch 10/1000
2024-12-08 23:40:08,152 - INFO - Training Loss: 1.5097
2024-12-08 23:40:08,152 - INFO - Validation Loss: 1.7077
2024-12-08 23:40:08,152 - INFO - Sequence Error Rate: 0.9743
2024-12-08 23:40:08,152 - INFO - Symbol Error Rate: 0.7402
2024-12-08 23:41:17,024 - INFO - Epoch 11/1000
2024-12-08 23:41:17,024 - INFO - Training Loss: 1.3842
2024-12-08 23:41:17,025 - INFO - Validation Loss: 1.6797
2024-12-08 23:41:17,025 - INFO - Sequence Error Rate: 0.9743
2024-12-08 23:41:17,025 - INFO - Symbol Error Rate: 0.7335
2024-12-08 23:42:26,440 - INFO - Epoch 12/1000
2024-12-08 23:42:26,440 - INFO - Training Loss: 1.2684
2024-12-08 23:42:26,440 - INFO - Validation Loss: 1.4233
2024-12-08 23:42:26,440 - INFO - Sequence Error Rate: 0.9729
2024-12-08 23:42:26,440 - INFO - Symbol Error Rate: 0.7050
2024-12-08 23:43:34,947 - INFO - Epoch 13/1000
2024-12-08 23:43:34,947 - INFO - Training Loss: 1.1760
2024-12-08 23:43:34,947 - INFO - Validation Loss: 1.3384
2024-12-08 23:43:34,947 - INFO - Sequence Error Rate: 0.9718
2024-12-08 23:43:34,947 - INFO - Symbol Error Rate: 0.6950
2024-12-08 23:44:43,905 - INFO - Epoch 14/1000
2024-12-08 23:44:43,905 - INFO - Training Loss: 1.0855
2024-12-08 23:44:43,905 - INFO - Validation Loss: 1.1840
2024-12-08 23:44:43,905 - INFO - Sequence Error Rate: 0.9711
2024-12-08 23:44:43,905 - INFO - Symbol Error Rate: 0.6764
2024-12-08 23:45:52,485 - INFO - Epoch 15/1000
2024-12-08 23:45:52,485 - INFO - Training Loss: 1.0113
2024-12-08 23:45:52,485 - INFO - Validation Loss: 1.0947
2024-12-08 23:45:52,485 - INFO - Sequence Error Rate: 0.9698
2024-12-08 23:45:52,485 - INFO - Symbol Error Rate: 0.6660
2024-12-08 23:47:01,489 - INFO - Epoch 16/1000
2024-12-08 23:47:01,489 - INFO - Training Loss: 0.9425
2024-12-08 23:47:01,489 - INFO - Validation Loss: 1.0414
2024-12-08 23:47:01,489 - INFO - Sequence Error Rate: 0.9678
2024-12-08 23:47:01,489 - INFO - Symbol Error Rate: 0.6578
2024-12-08 23:48:10,625 - INFO - Epoch 17/1000
2024-12-08 23:48:10,625 - INFO - Training Loss: 0.8818
2024-12-08 23:48:10,625 - INFO - Validation Loss: 0.9285
2024-12-08 23:48:10,625 - INFO - Sequence Error Rate: 0.9646
2024-12-08 23:48:10,625 - INFO - Symbol Error Rate: 0.6414
2024-12-08 23:49:19,258 - INFO - Epoch 18/1000
2024-12-08 23:49:19,259 - INFO - Training Loss: 0.8153
2024-12-08 23:49:19,259 - INFO - Validation Loss: 0.8515
2024-12-08 23:49:19,259 - INFO - Sequence Error Rate: 0.9629
2024-12-08 23:49:19,259 - INFO - Symbol Error Rate: 0.6279
2024-12-08 23:50:28,335 - INFO - Epoch 19/1000
2024-12-08 23:50:28,336 - INFO - Training Loss: 0.7668
2024-12-08 23:50:28,336 - INFO - Validation Loss: 0.7968
2024-12-08 23:50:28,336 - INFO - Sequence Error Rate: 0.9622
2024-12-08 23:50:28,336 - INFO - Symbol Error Rate: 0.6197
2024-12-08 23:51:37,116 - INFO - Epoch 20/1000
2024-12-08 23:51:37,116 - INFO - Training Loss: 0.7224
2024-12-08 23:51:37,117 - INFO - Validation Loss: 0.6984
2024-12-08 23:51:37,117 - INFO - Sequence Error Rate: 0.9607
2024-12-08 23:51:37,117 - INFO - Symbol Error Rate: 0.6062
2024-12-08 23:52:45,489 - INFO - Epoch 21/1000
2024-12-08 23:52:45,489 - INFO - Training Loss: 0.6754
2024-12-08 23:52:45,489 - INFO - Validation Loss: 0.6828
2024-12-08 23:52:45,489 - INFO - Sequence Error Rate: 0.9621
2024-12-08 23:52:45,489 - INFO - Symbol Error Rate: 0.6029
2024-12-08 23:53:54,350 - INFO - Epoch 22/1000
2024-12-08 23:53:54,350 - INFO - Training Loss: 0.6380
2024-12-08 23:53:54,350 - INFO - Validation Loss: 0.6248
2024-12-08 23:53:54,350 - INFO - Sequence Error Rate: 0.9586
2024-12-08 23:53:54,350 - INFO - Symbol Error Rate: 0.5936
2024-12-08 23:55:03,382 - INFO - Epoch 23/1000
2024-12-08 23:55:03,382 - INFO - Training Loss: 0.5936
2024-12-08 23:55:03,382 - INFO - Validation Loss: 0.5802
2024-12-08 23:55:03,382 - INFO - Sequence Error Rate: 0.9571
2024-12-08 23:55:03,382 - INFO - Symbol Error Rate: 0.5863
2024-12-08 23:56:12,364 - INFO - Epoch 24/1000
2024-12-08 23:56:12,364 - INFO - Training Loss: 0.5639
2024-12-08 23:56:12,365 - INFO - Validation Loss: 0.5571
2024-12-08 23:56:12,365 - INFO - Sequence Error Rate: 0.9564
2024-12-08 23:56:12,365 - INFO - Symbol Error Rate: 0.5823
2024-12-08 23:57:21,736 - INFO - Epoch 25/1000
2024-12-08 23:57:21,736 - INFO - Training Loss: 0.5336
2024-12-08 23:57:21,736 - INFO - Validation Loss: 0.5061
2024-12-08 23:57:21,736 - INFO - Sequence Error Rate: 0.9540
2024-12-08 23:57:21,736 - INFO - Symbol Error Rate: 0.5762
2024-12-08 23:58:31,035 - INFO - Epoch 26/1000
2024-12-08 23:58:31,035 - INFO - Training Loss: 0.5060
2024-12-08 23:58:31,035 - INFO - Validation Loss: 0.4850
2024-12-08 23:58:31,035 - INFO - Sequence Error Rate: 0.9539
2024-12-08 23:58:31,035 - INFO - Symbol Error Rate: 0.5737
2024-12-08 23:59:40,770 - INFO - Epoch 27/1000
2024-12-08 23:59:40,770 - INFO - Training Loss: 0.4726
2024-12-08 23:59:40,770 - INFO - Validation Loss: 0.4440
2024-12-08 23:59:40,770 - INFO - Sequence Error Rate: 0.9503
2024-12-08 23:59:40,770 - INFO - Symbol Error Rate: 0.5665
2024-12-09 00:00:49,666 - INFO - Epoch 28/1000
2024-12-09 00:00:49,666 - INFO - Training Loss: 0.4486
2024-12-09 00:00:49,666 - INFO - Validation Loss: 0.4219
2024-12-09 00:00:49,666 - INFO - Sequence Error Rate: 0.9489
2024-12-09 00:00:49,666 - INFO - Symbol Error Rate: 0.5640
2024-12-09 00:01:58,696 - INFO - Epoch 29/1000
2024-12-09 00:01:58,696 - INFO - Training Loss: 0.4364
2024-12-09 00:01:58,696 - INFO - Validation Loss: 0.4203
2024-12-09 00:01:58,696 - INFO - Sequence Error Rate: 0.9491
2024-12-09 00:01:58,696 - INFO - Symbol Error Rate: 0.5618
2024-12-09 00:03:07,934 - INFO - Epoch 30/1000
2024-12-09 00:03:07,934 - INFO - Training Loss: 0.4067
2024-12-09 00:03:07,934 - INFO - Validation Loss: 0.4055
2024-12-09 00:03:07,934 - INFO - Sequence Error Rate: 0.9495
2024-12-09 00:03:07,934 - INFO - Symbol Error Rate: 0.5602
2024-12-09 00:04:16,769 - INFO - Epoch 31/1000
2024-12-09 00:04:16,769 - INFO - Training Loss: 0.3862
2024-12-09 00:04:16,769 - INFO - Validation Loss: 0.3387
2024-12-09 00:04:16,769 - INFO - Sequence Error Rate: 0.9443
2024-12-09 00:04:16,769 - INFO - Symbol Error Rate: 0.5502
2024-12-09 00:05:25,419 - INFO - Epoch 32/1000
2024-12-09 00:05:25,419 - INFO - Training Loss: 0.3616
2024-12-09 00:05:25,419 - INFO - Validation Loss: 0.3313
2024-12-09 00:05:25,419 - INFO - Sequence Error Rate: 0.9438
2024-12-09 00:05:25,419 - INFO - Symbol Error Rate: 0.5491
2024-12-09 00:06:34,095 - INFO - Epoch 33/1000
2024-12-09 00:06:34,095 - INFO - Training Loss: 0.3640
2024-12-09 00:06:34,095 - INFO - Validation Loss: 0.3297
2024-12-09 00:06:34,095 - INFO - Sequence Error Rate: 0.9425
2024-12-09 00:06:34,095 - INFO - Symbol Error Rate: 0.5487
2024-12-09 00:07:43,034 - INFO - Epoch 34/1000
2024-12-09 00:07:43,034 - INFO - Training Loss: 0.3279
2024-12-09 00:07:43,034 - INFO - Validation Loss: 0.2987
2024-12-09 00:07:43,034 - INFO - Sequence Error Rate: 0.9360
2024-12-09 00:07:43,034 - INFO - Symbol Error Rate: 0.5438
2024-12-09 00:08:51,806 - INFO - Epoch 35/1000
2024-12-09 00:08:51,807 - INFO - Training Loss: 0.3253
2024-12-09 00:08:51,807 - INFO - Validation Loss: 0.2817
2024-12-09 00:08:51,807 - INFO - Sequence Error Rate: 0.9376
2024-12-09 00:08:51,807 - INFO - Symbol Error Rate: 0.5421
2024-12-09 00:10:00,800 - INFO - Epoch 36/1000
2024-12-09 00:10:00,801 - INFO - Training Loss: 0.3252
2024-12-09 00:10:00,801 - INFO - Validation Loss: 0.2761
2024-12-09 00:10:00,801 - INFO - Sequence Error Rate: 0.9337
2024-12-09 00:10:00,801 - INFO - Symbol Error Rate: 0.5413
2024-12-09 00:11:09,793 - INFO - Epoch 37/1000
2024-12-09 00:11:09,793 - INFO - Training Loss: 0.3126
2024-12-09 00:11:09,793 - INFO - Validation Loss: 0.2737
2024-12-09 00:11:09,793 - INFO - Sequence Error Rate: 0.9351
2024-12-09 00:11:09,793 - INFO - Symbol Error Rate: 0.5407
2024-12-09 00:12:19,016 - INFO - Epoch 38/1000
2024-12-09 00:12:19,016 - INFO - Training Loss: 0.2924
2024-12-09 00:12:19,016 - INFO - Validation Loss: 0.2633
2024-12-09 00:12:19,016 - INFO - Sequence Error Rate: 0.9327
2024-12-09 00:12:19,016 - INFO - Symbol Error Rate: 0.5393
2024-12-09 00:13:28,093 - INFO - Epoch 39/1000
2024-12-09 00:13:28,093 - INFO - Training Loss: 0.2759
2024-12-09 00:13:28,093 - INFO - Validation Loss: 0.2337
2024-12-09 00:13:28,093 - INFO - Sequence Error Rate: 0.9297
2024-12-09 00:13:28,093 - INFO - Symbol Error Rate: 0.5344
2024-12-09 00:14:37,153 - INFO - Epoch 40/1000
2024-12-09 00:14:37,153 - INFO - Training Loss: 0.2685
2024-12-09 00:14:37,154 - INFO - Validation Loss: 0.2348
2024-12-09 00:14:37,154 - INFO - Sequence Error Rate: 0.9288
2024-12-09 00:14:37,154 - INFO - Symbol Error Rate: 0.5351
2024-12-09 00:15:45,374 - INFO - Epoch 41/1000
2024-12-09 00:15:45,374 - INFO - Training Loss: 0.2649
2024-12-09 00:15:45,374 - INFO - Validation Loss: 0.2315
2024-12-09 00:15:45,374 - INFO - Sequence Error Rate: 0.9295
2024-12-09 00:15:45,374 - INFO - Symbol Error Rate: 0.5346
2024-12-09 00:16:54,274 - INFO - Epoch 42/1000
2024-12-09 00:16:54,274 - INFO - Training Loss: 0.2626
2024-12-09 00:16:54,274 - INFO - Validation Loss: 0.2163
2024-12-09 00:16:54,274 - INFO - Sequence Error Rate: 0.9205
2024-12-09 00:16:54,274 - INFO - Symbol Error Rate: 0.5324
2024-12-09 00:18:03,614 - INFO - Epoch 43/1000
2024-12-09 00:18:03,614 - INFO - Training Loss: 0.2562
2024-12-09 00:18:03,614 - INFO - Validation Loss: 0.2333
2024-12-09 00:18:03,615 - INFO - Sequence Error Rate: 0.9284
2024-12-09 00:18:03,615 - INFO - Symbol Error Rate: 0.5348
2024-12-09 00:19:11,945 - INFO - Epoch 44/1000
2024-12-09 00:19:11,945 - INFO - Training Loss: 0.2509
2024-12-09 00:19:11,945 - INFO - Validation Loss: 0.2039
2024-12-09 00:19:11,945 - INFO - Sequence Error Rate: 0.9195
2024-12-09 00:19:11,945 - INFO - Symbol Error Rate: 0.5307
2024-12-09 00:20:20,346 - INFO - Epoch 45/1000
2024-12-09 00:20:20,346 - INFO - Training Loss: 0.2310
2024-12-09 00:20:20,346 - INFO - Validation Loss: 0.1900
2024-12-09 00:20:20,346 - INFO - Sequence Error Rate: 0.9137
2024-12-09 00:20:20,346 - INFO - Symbol Error Rate: 0.5287
2024-12-09 00:21:29,267 - INFO - Epoch 46/1000
2024-12-09 00:21:29,267 - INFO - Training Loss: 0.2255
2024-12-09 00:21:29,267 - INFO - Validation Loss: 0.2048
2024-12-09 00:21:29,267 - INFO - Sequence Error Rate: 0.9113
2024-12-09 00:21:29,267 - INFO - Symbol Error Rate: 0.5306
2024-12-09 00:22:37,893 - INFO - Epoch 47/1000
2024-12-09 00:22:37,893 - INFO - Training Loss: 0.2178
2024-12-09 00:22:37,893 - INFO - Validation Loss: 0.1856
2024-12-09 00:22:37,893 - INFO - Sequence Error Rate: 0.9170
2024-12-09 00:22:37,893 - INFO - Symbol Error Rate: 0.5277
2024-12-09 00:23:47,144 - INFO - Epoch 48/1000
2024-12-09 00:23:47,144 - INFO - Training Loss: 0.2069
2024-12-09 00:23:47,144 - INFO - Validation Loss: 0.1870
2024-12-09 00:23:47,144 - INFO - Sequence Error Rate: 0.9158
2024-12-09 00:23:47,144 - INFO - Symbol Error Rate: 0.5280
2024-12-09 00:24:55,566 - INFO - Epoch 49/1000
2024-12-09 00:24:55,566 - INFO - Training Loss: 0.1985
2024-12-09 00:24:55,566 - INFO - Validation Loss: 0.1698
2024-12-09 00:24:55,566 - INFO - Sequence Error Rate: 0.9128
2024-12-09 00:24:55,566 - INFO - Symbol Error Rate: 0.5253
2024-12-09 00:26:04,473 - INFO - Epoch 50/1000
2024-12-09 00:26:04,473 - INFO - Training Loss: 0.2002
2024-12-09 00:26:04,473 - INFO - Validation Loss: 0.1762
2024-12-09 00:26:04,473 - INFO - Sequence Error Rate: 0.9077
2024-12-09 00:26:04,473 - INFO - Symbol Error Rate: 0.5263
2024-12-09 00:27:12,550 - INFO - Epoch 51/1000
2024-12-09 00:27:12,550 - INFO - Training Loss: 0.1931
2024-12-09 00:27:12,550 - INFO - Validation Loss: 0.1770
2024-12-09 00:27:12,550 - INFO - Sequence Error Rate: 0.9081
2024-12-09 00:27:12,550 - INFO - Symbol Error Rate: 0.5264
2024-12-09 00:28:20,785 - INFO - Epoch 52/1000
2024-12-09 00:28:20,786 - INFO - Training Loss: 0.1875
2024-12-09 00:28:20,786 - INFO - Validation Loss: 0.1853
2024-12-09 00:28:20,786 - INFO - Sequence Error Rate: 0.9067
2024-12-09 00:28:20,786 - INFO - Symbol Error Rate: 0.5274
2024-12-09 00:29:29,657 - INFO - Epoch 53/1000
2024-12-09 00:29:29,657 - INFO - Training Loss: 0.1889
2024-12-09 00:29:29,657 - INFO - Validation Loss: 0.1718
2024-12-09 00:29:29,657 - INFO - Sequence Error Rate: 0.9096
2024-12-09 00:29:29,657 - INFO - Symbol Error Rate: 0.5254
2024-12-09 00:30:37,710 - INFO - Epoch 54/1000
2024-12-09 00:30:37,710 - INFO - Training Loss: 0.1805
2024-12-09 00:30:37,710 - INFO - Validation Loss: 0.1627
2024-12-09 00:30:37,710 - INFO - Sequence Error Rate: 0.8959
2024-12-09 00:30:37,710 - INFO - Symbol Error Rate: 0.5238
2024-12-09 00:31:46,571 - INFO - Epoch 55/1000
2024-12-09 00:31:46,571 - INFO - Training Loss: 0.1842
2024-12-09 00:31:46,571 - INFO - Validation Loss: 0.1614
2024-12-09 00:31:46,571 - INFO - Sequence Error Rate: 0.9016
2024-12-09 00:31:46,571 - INFO - Symbol Error Rate: 0.5240
2024-12-09 00:32:55,240 - INFO - Epoch 56/1000
2024-12-09 00:32:55,240 - INFO - Training Loss: 0.1747
2024-12-09 00:32:55,240 - INFO - Validation Loss: 0.1595
2024-12-09 00:32:55,241 - INFO - Sequence Error Rate: 0.9086
2024-12-09 00:32:55,241 - INFO - Symbol Error Rate: 0.5237
2024-12-09 00:34:03,818 - INFO - Epoch 57/1000
2024-12-09 00:34:03,818 - INFO - Training Loss: 0.1705
2024-12-09 00:34:03,818 - INFO - Validation Loss: 0.1550
2024-12-09 00:34:03,818 - INFO - Sequence Error Rate: 0.9096
2024-12-09 00:34:03,818 - INFO - Symbol Error Rate: 0.5231
2024-12-09 00:35:13,310 - INFO - Epoch 58/1000
2024-12-09 00:35:13,310 - INFO - Training Loss: 0.1611
2024-12-09 00:35:13,310 - INFO - Validation Loss: 0.1540
2024-12-09 00:35:13,310 - INFO - Sequence Error Rate: 0.9072
2024-12-09 00:35:13,310 - INFO - Symbol Error Rate: 0.5228
2024-12-09 00:36:22,229 - INFO - Epoch 59/1000
2024-12-09 00:36:22,229 - INFO - Training Loss: 0.1578
2024-12-09 00:36:22,229 - INFO - Validation Loss: 0.1488
2024-12-09 00:36:22,229 - INFO - Sequence Error Rate: 0.9042
2024-12-09 00:36:22,229 - INFO - Symbol Error Rate: 0.5221
2024-12-09 00:37:31,314 - INFO - Epoch 60/1000
2024-12-09 00:37:31,314 - INFO - Training Loss: 0.1594
2024-12-09 00:37:31,314 - INFO - Validation Loss: 0.1692
2024-12-09 00:37:31,314 - INFO - Sequence Error Rate: 0.8930
2024-12-09 00:37:31,314 - INFO - Symbol Error Rate: 0.5255
2024-12-09 00:38:39,797 - INFO - Epoch 61/1000
2024-12-09 00:38:39,797 - INFO - Training Loss: 0.1657
2024-12-09 00:38:39,797 - INFO - Validation Loss: 0.1447
2024-12-09 00:38:39,797 - INFO - Sequence Error Rate: 0.8970
2024-12-09 00:38:39,797 - INFO - Symbol Error Rate: 0.5215
2024-12-09 00:39:48,788 - INFO - Epoch 62/1000
2024-12-09 00:39:48,788 - INFO - Training Loss: 0.1450
2024-12-09 00:39:48,788 - INFO - Validation Loss: 0.1444
2024-12-09 00:39:48,788 - INFO - Sequence Error Rate: 0.8849
2024-12-09 00:39:48,788 - INFO - Symbol Error Rate: 0.5212
2024-12-09 00:40:57,965 - INFO - Epoch 63/1000
2024-12-09 00:40:57,965 - INFO - Training Loss: 0.1421
2024-12-09 00:40:57,965 - INFO - Validation Loss: 0.1395
2024-12-09 00:40:57,966 - INFO - Sequence Error Rate: 0.8899
2024-12-09 00:40:57,966 - INFO - Symbol Error Rate: 0.5204
2024-12-09 00:42:07,143 - INFO - Epoch 64/1000
2024-12-09 00:42:07,143 - INFO - Training Loss: 0.1425
2024-12-09 00:42:07,143 - INFO - Validation Loss: 0.1453
2024-12-09 00:42:07,143 - INFO - Sequence Error Rate: 0.8839
2024-12-09 00:42:07,143 - INFO - Symbol Error Rate: 0.5213
2024-12-09 00:43:15,542 - INFO - Epoch 65/1000
2024-12-09 00:43:15,542 - INFO - Training Loss: 0.1446
2024-12-09 00:43:15,542 - INFO - Validation Loss: 0.1376
2024-12-09 00:43:15,542 - INFO - Sequence Error Rate: 0.8863
2024-12-09 00:43:15,543 - INFO - Symbol Error Rate: 0.5201
2024-12-09 00:44:24,720 - INFO - Epoch 66/1000
2024-12-09 00:44:24,721 - INFO - Training Loss: 0.1309
2024-12-09 00:44:24,721 - INFO - Validation Loss: 0.1475
2024-12-09 00:44:24,721 - INFO - Sequence Error Rate: 0.8855
2024-12-09 00:44:24,721 - INFO - Symbol Error Rate: 0.5214
2024-12-09 00:45:33,311 - INFO - Epoch 67/1000
2024-12-09 00:45:33,312 - INFO - Training Loss: 0.1322
2024-12-09 00:45:33,312 - INFO - Validation Loss: 0.1371
2024-12-09 00:45:33,312 - INFO - Sequence Error Rate: 0.8951
2024-12-09 00:45:33,312 - INFO - Symbol Error Rate: 0.5203
2024-12-09 00:46:42,896 - INFO - Epoch 68/1000
2024-12-09 00:46:42,896 - INFO - Training Loss: 0.1363
2024-12-09 00:46:42,896 - INFO - Validation Loss: 0.1355
2024-12-09 00:46:42,896 - INFO - Sequence Error Rate: 0.8953
2024-12-09 00:46:42,896 - INFO - Symbol Error Rate: 0.5200
2024-12-09 00:47:51,979 - INFO - Epoch 69/1000
2024-12-09 00:47:51,979 - INFO - Training Loss: 0.1313
2024-12-09 00:47:51,979 - INFO - Validation Loss: 0.1328
2024-12-09 00:47:51,979 - INFO - Sequence Error Rate: 0.8881
2024-12-09 00:47:51,979 - INFO - Symbol Error Rate: 0.5194
2024-12-09 00:49:01,498 - INFO - Epoch 70/1000
2024-12-09 00:49:01,498 - INFO - Training Loss: 0.1248
2024-12-09 00:49:01,498 - INFO - Validation Loss: 0.1322
2024-12-09 00:49:01,498 - INFO - Sequence Error Rate: 0.8914
2024-12-09 00:49:01,498 - INFO - Symbol Error Rate: 0.5190
2024-12-09 00:50:10,614 - INFO - Epoch 71/1000
2024-12-09 00:50:10,614 - INFO - Training Loss: 0.1243
2024-12-09 00:50:10,614 - INFO - Validation Loss: 0.1312
2024-12-09 00:50:10,614 - INFO - Sequence Error Rate: 0.8834
2024-12-09 00:50:10,614 - INFO - Symbol Error Rate: 0.5190
2024-12-09 00:51:19,799 - INFO - Epoch 72/1000
2024-12-09 00:51:19,800 - INFO - Training Loss: 0.1246
2024-12-09 00:51:19,800 - INFO - Validation Loss: 0.1299
2024-12-09 00:51:19,800 - INFO - Sequence Error Rate: 0.8858
2024-12-09 00:51:19,800 - INFO - Symbol Error Rate: 0.5185
2024-12-09 00:52:29,336 - INFO - Epoch 73/1000
2024-12-09 00:52:29,336 - INFO - Training Loss: 0.1206
2024-12-09 00:52:29,336 - INFO - Validation Loss: 0.1267
2024-12-09 00:52:29,336 - INFO - Sequence Error Rate: 0.8802
2024-12-09 00:52:29,336 - INFO - Symbol Error Rate: 0.5180
2024-12-09 00:53:38,437 - INFO - Epoch 74/1000
2024-12-09 00:53:38,437 - INFO - Training Loss: 0.1146
2024-12-09 00:53:38,437 - INFO - Validation Loss: 0.1338
2024-12-09 00:53:38,437 - INFO - Sequence Error Rate: 0.8779
2024-12-09 00:53:38,438 - INFO - Symbol Error Rate: 0.5193
2024-12-09 00:54:47,175 - INFO - Epoch 75/1000
2024-12-09 00:54:47,175 - INFO - Training Loss: 0.1200
2024-12-09 00:54:47,175 - INFO - Validation Loss: 0.1299
2024-12-09 00:54:47,175 - INFO - Sequence Error Rate: 0.8763
2024-12-09 00:54:47,175 - INFO - Symbol Error Rate: 0.5189
2024-12-09 00:55:55,748 - INFO - Epoch 76/1000
2024-12-09 00:55:55,748 - INFO - Training Loss: 0.1162
2024-12-09 00:55:55,748 - INFO - Validation Loss: 0.1245
2024-12-09 00:55:55,748 - INFO - Sequence Error Rate: 0.8788
2024-12-09 00:55:55,748 - INFO - Symbol Error Rate: 0.5179
2024-12-09 00:57:05,254 - INFO - Epoch 77/1000
2024-12-09 00:57:05,254 - INFO - Training Loss: 0.1062
2024-12-09 00:57:05,254 - INFO - Validation Loss: 0.1249
2024-12-09 00:57:05,254 - INFO - Sequence Error Rate: 0.8812
2024-12-09 00:57:05,254 - INFO - Symbol Error Rate: 0.5179
2024-12-09 00:58:13,640 - INFO - Epoch 78/1000
2024-12-09 00:58:13,640 - INFO - Training Loss: 0.1089
2024-12-09 00:58:13,640 - INFO - Validation Loss: 0.1224
2024-12-09 00:58:13,640 - INFO - Sequence Error Rate: 0.8761
2024-12-09 00:58:13,640 - INFO - Symbol Error Rate: 0.5174
2024-12-09 00:59:23,210 - INFO - Epoch 79/1000
2024-12-09 00:59:23,210 - INFO - Training Loss: 0.0994
2024-12-09 00:59:23,210 - INFO - Validation Loss: 0.1199
2024-12-09 00:59:23,210 - INFO - Sequence Error Rate: 0.8791
2024-12-09 00:59:23,210 - INFO - Symbol Error Rate: 0.5169
2024-12-09 01:00:32,311 - INFO - Epoch 80/1000
2024-12-09 01:00:32,312 - INFO - Training Loss: 0.0985
2024-12-09 01:00:32,312 - INFO - Validation Loss: 0.1195
2024-12-09 01:00:32,312 - INFO - Sequence Error Rate: 0.8757
2024-12-09 01:00:32,312 - INFO - Symbol Error Rate: 0.5168
2024-12-09 01:01:41,230 - INFO - Epoch 81/1000
2024-12-09 01:01:41,230 - INFO - Training Loss: 0.1024
2024-12-09 01:01:41,230 - INFO - Validation Loss: 0.1226
2024-12-09 01:01:41,230 - INFO - Sequence Error Rate: 0.8687
2024-12-09 01:01:41,230 - INFO - Symbol Error Rate: 0.5172
2024-12-09 01:02:49,849 - INFO - Epoch 82/1000
2024-12-09 01:02:49,849 - INFO - Training Loss: 0.1086
2024-12-09 01:02:49,849 - INFO - Validation Loss: 0.1315
2024-12-09 01:02:49,849 - INFO - Sequence Error Rate: 0.8773
2024-12-09 01:02:49,849 - INFO - Symbol Error Rate: 0.5186
2024-12-09 01:03:58,651 - INFO - Epoch 83/1000
2024-12-09 01:03:58,651 - INFO - Training Loss: 0.1042
2024-12-09 01:03:58,651 - INFO - Validation Loss: 0.1300
2024-12-09 01:03:58,651 - INFO - Sequence Error Rate: 0.8815
2024-12-09 01:03:58,651 - INFO - Symbol Error Rate: 0.5186
2024-12-09 01:05:07,575 - INFO - Epoch 84/1000
2024-12-09 01:05:07,575 - INFO - Training Loss: 0.1136
2024-12-09 01:05:07,575 - INFO - Validation Loss: 0.1324
2024-12-09 01:05:07,575 - INFO - Sequence Error Rate: 0.8764
2024-12-09 01:05:07,575 - INFO - Symbol Error Rate: 0.5188
2024-12-09 01:06:16,179 - INFO - Epoch 85/1000
2024-12-09 01:06:16,179 - INFO - Training Loss: 0.1023
2024-12-09 01:06:16,179 - INFO - Validation Loss: 0.1230
2024-12-09 01:06:16,179 - INFO - Sequence Error Rate: 0.8676
2024-12-09 01:06:16,179 - INFO - Symbol Error Rate: 0.5173
2024-12-09 01:07:25,305 - INFO - Epoch 86/1000
2024-12-09 01:07:25,305 - INFO - Training Loss: 0.0933
2024-12-09 01:07:25,305 - INFO - Validation Loss: 0.1179
2024-12-09 01:07:25,306 - INFO - Sequence Error Rate: 0.8710
2024-12-09 01:07:25,306 - INFO - Symbol Error Rate: 0.5163
2024-12-09 01:08:34,454 - INFO - Epoch 87/1000
2024-12-09 01:08:34,455 - INFO - Training Loss: 0.0874
2024-12-09 01:08:34,455 - INFO - Validation Loss: 0.1161
2024-12-09 01:08:34,455 - INFO - Sequence Error Rate: 0.8735
2024-12-09 01:08:34,455 - INFO - Symbol Error Rate: 0.5161
2024-12-09 01:09:43,120 - INFO - Epoch 88/1000
2024-12-09 01:09:43,120 - INFO - Training Loss: 0.0921
2024-12-09 01:09:43,120 - INFO - Validation Loss: 0.1214
2024-12-09 01:09:43,121 - INFO - Sequence Error Rate: 0.8737
2024-12-09 01:09:43,121 - INFO - Symbol Error Rate: 0.5169
2024-12-09 01:10:52,213 - INFO - Epoch 89/1000
2024-12-09 01:10:52,213 - INFO - Training Loss: 0.0839
2024-12-09 01:10:52,213 - INFO - Validation Loss: 0.1142
2024-12-09 01:10:52,213 - INFO - Sequence Error Rate: 0.8755
2024-12-09 01:10:52,213 - INFO - Symbol Error Rate: 0.5158
2024-12-09 01:12:01,295 - INFO - Epoch 90/1000
2024-12-09 01:12:01,295 - INFO - Training Loss: 0.0836
2024-12-09 01:12:01,295 - INFO - Validation Loss: 0.1156
2024-12-09 01:12:01,295 - INFO - Sequence Error Rate: 0.8708
2024-12-09 01:12:01,295 - INFO - Symbol Error Rate: 0.5159
2024-12-09 01:13:09,997 - INFO - Epoch 91/1000
2024-12-09 01:13:09,997 - INFO - Training Loss: 0.0879
2024-12-09 01:13:09,997 - INFO - Validation Loss: 0.1184
2024-12-09 01:13:09,997 - INFO - Sequence Error Rate: 0.8655
2024-12-09 01:13:09,997 - INFO - Symbol Error Rate: 0.5165
2024-12-09 01:14:18,520 - INFO - Epoch 92/1000
2024-12-09 01:14:18,520 - INFO - Training Loss: 0.0872
2024-12-09 01:14:18,520 - INFO - Validation Loss: 0.1168
2024-12-09 01:14:18,520 - INFO - Sequence Error Rate: 0.8687
2024-12-09 01:14:18,520 - INFO - Symbol Error Rate: 0.5161
2024-12-09 01:15:27,154 - INFO - Epoch 93/1000
2024-12-09 01:15:27,154 - INFO - Training Loss: 0.0857
2024-12-09 01:15:27,154 - INFO - Validation Loss: 0.1236
2024-12-09 01:15:27,154 - INFO - Sequence Error Rate: 0.8724
2024-12-09 01:15:27,154 - INFO - Symbol Error Rate: 0.5174
2024-12-09 01:16:36,221 - INFO - Epoch 94/1000
2024-12-09 01:16:36,221 - INFO - Training Loss: 0.0804
2024-12-09 01:16:36,221 - INFO - Validation Loss: 0.1158
2024-12-09 01:16:36,221 - INFO - Sequence Error Rate: 0.8757
2024-12-09 01:16:36,221 - INFO - Symbol Error Rate: 0.5159
2024-12-09 01:17:44,788 - INFO - Epoch 95/1000
2024-12-09 01:17:44,788 - INFO - Training Loss: 0.0782
2024-12-09 01:17:44,788 - INFO - Validation Loss: 0.1139
2024-12-09 01:17:44,788 - INFO - Sequence Error Rate: 0.8633
2024-12-09 01:17:44,788 - INFO - Symbol Error Rate: 0.5156
2024-12-09 01:18:54,171 - INFO - Epoch 96/1000
2024-12-09 01:18:54,171 - INFO - Training Loss: 0.0797
2024-12-09 01:18:54,171 - INFO - Validation Loss: 0.1178
2024-12-09 01:18:54,171 - INFO - Sequence Error Rate: 0.8698
2024-12-09 01:18:54,171 - INFO - Symbol Error Rate: 0.5160
2024-12-09 01:20:03,052 - INFO - Epoch 97/1000
2024-12-09 01:20:03,052 - INFO - Training Loss: 0.0802
2024-12-09 01:20:03,053 - INFO - Validation Loss: 0.1178
2024-12-09 01:20:03,053 - INFO - Sequence Error Rate: 0.8691
2024-12-09 01:20:03,053 - INFO - Symbol Error Rate: 0.5163
2024-12-09 01:21:11,715 - INFO - Epoch 98/1000
2024-12-09 01:21:11,715 - INFO - Training Loss: 0.0866
2024-12-09 01:21:11,715 - INFO - Validation Loss: 0.1173
2024-12-09 01:21:11,715 - INFO - Sequence Error Rate: 0.8744
2024-12-09 01:21:11,715 - INFO - Symbol Error Rate: 0.5162
2024-12-09 01:22:20,990 - INFO - Epoch 99/1000
2024-12-09 01:22:20,990 - INFO - Training Loss: 0.0801
2024-12-09 01:22:20,990 - INFO - Validation Loss: 0.1124
2024-12-09 01:22:20,990 - INFO - Sequence Error Rate: 0.8662
2024-12-09 01:22:20,990 - INFO - Symbol Error Rate: 0.5153
2024-12-09 01:23:30,349 - INFO - Epoch 100/1000
2024-12-09 01:23:30,349 - INFO - Training Loss: 0.0790
2024-12-09 01:23:30,349 - INFO - Validation Loss: 0.1191
2024-12-09 01:23:30,349 - INFO - Sequence Error Rate: 0.8712
2024-12-09 01:23:30,349 - INFO - Symbol Error Rate: 0.5166
2024-12-09 01:24:39,103 - INFO - Epoch 101/1000
2024-12-09 01:24:39,103 - INFO - Training Loss: 0.0757
2024-12-09 01:24:39,103 - INFO - Validation Loss: 0.1129
2024-12-09 01:24:39,103 - INFO - Sequence Error Rate: 0.8618
2024-12-09 01:24:39,103 - INFO - Symbol Error Rate: 0.5150
2024-12-09 01:25:47,600 - INFO - Epoch 102/1000
2024-12-09 01:25:47,600 - INFO - Training Loss: 0.0708
2024-12-09 01:25:47,600 - INFO - Validation Loss: 0.1173
2024-12-09 01:25:47,600 - INFO - Sequence Error Rate: 0.8628
2024-12-09 01:25:47,600 - INFO - Symbol Error Rate: 0.5158
2024-12-09 01:26:56,263 - INFO - Epoch 103/1000
2024-12-09 01:26:56,263 - INFO - Training Loss: 0.0796
2024-12-09 01:26:56,263 - INFO - Validation Loss: 0.1120
2024-12-09 01:26:56,263 - INFO - Sequence Error Rate: 0.8695
2024-12-09 01:26:56,263 - INFO - Symbol Error Rate: 0.5151
2024-12-09 01:28:05,842 - INFO - Epoch 104/1000
2024-12-09 01:28:05,842 - INFO - Training Loss: 0.0688
2024-12-09 01:28:05,842 - INFO - Validation Loss: 0.1155
2024-12-09 01:28:05,842 - INFO - Sequence Error Rate: 0.8690
2024-12-09 01:28:05,842 - INFO - Symbol Error Rate: 0.5154
2024-12-09 01:29:14,330 - INFO - Epoch 105/1000
2024-12-09 01:29:14,330 - INFO - Training Loss: 0.0820
2024-12-09 01:29:14,330 - INFO - Validation Loss: 0.1354
2024-12-09 01:29:14,330 - INFO - Sequence Error Rate: 0.8841
2024-12-09 01:29:14,330 - INFO - Symbol Error Rate: 0.5187
2024-12-09 01:30:22,692 - INFO - Epoch 106/1000
2024-12-09 01:30:22,692 - INFO - Training Loss: 0.0790
2024-12-09 01:30:22,692 - INFO - Validation Loss: 0.1124
2024-12-09 01:30:22,693 - INFO - Sequence Error Rate: 0.8686
2024-12-09 01:30:22,693 - INFO - Symbol Error Rate: 0.5150
2024-12-09 01:31:31,919 - INFO - Epoch 107/1000
2024-12-09 01:31:31,919 - INFO - Training Loss: 0.0657
2024-12-09 01:31:31,919 - INFO - Validation Loss: 0.1129
2024-12-09 01:31:31,919 - INFO - Sequence Error Rate: 0.8636
2024-12-09 01:31:31,919 - INFO - Symbol Error Rate: 0.5150
2024-12-09 01:32:40,802 - INFO - Epoch 108/1000
2024-12-09 01:32:40,802 - INFO - Training Loss: 0.0660
2024-12-09 01:32:40,802 - INFO - Validation Loss: 0.1164
2024-12-09 01:32:40,802 - INFO - Sequence Error Rate: 0.8716
2024-12-09 01:32:40,802 - INFO - Symbol Error Rate: 0.5156
2024-12-09 01:33:50,182 - INFO - Epoch 109/1000
2024-12-09 01:33:50,182 - INFO - Training Loss: 0.0754
2024-12-09 01:33:50,182 - INFO - Validation Loss: 0.1211
2024-12-09 01:33:50,182 - INFO - Sequence Error Rate: 0.8635
2024-12-09 01:33:50,182 - INFO - Symbol Error Rate: 0.5163
2024-12-09 01:34:59,130 - INFO - Epoch 110/1000
2024-12-09 01:34:59,130 - INFO - Training Loss: 0.0698
2024-12-09 01:34:59,131 - INFO - Validation Loss: 0.1178
2024-12-09 01:34:59,131 - INFO - Sequence Error Rate: 0.8744
2024-12-09 01:34:59,131 - INFO - Symbol Error Rate: 0.5159
2024-12-09 01:36:07,684 - INFO - Epoch 111/1000
2024-12-09 01:36:07,684 - INFO - Training Loss: 0.0697
2024-12-09 01:36:07,684 - INFO - Validation Loss: 0.1137
2024-12-09 01:36:07,684 - INFO - Sequence Error Rate: 0.8656
2024-12-09 01:36:07,684 - INFO - Symbol Error Rate: 0.5148
2024-12-09 01:37:16,106 - INFO - Epoch 112/1000
2024-12-09 01:37:16,106 - INFO - Training Loss: 0.0673
2024-12-09 01:37:16,106 - INFO - Validation Loss: 0.1136
2024-12-09 01:37:16,106 - INFO - Sequence Error Rate: 0.8737
2024-12-09 01:37:16,106 - INFO - Symbol Error Rate: 0.5149
2024-12-09 01:38:24,726 - INFO - Epoch 113/1000
2024-12-09 01:38:24,726 - INFO - Training Loss: 0.0647
2024-12-09 01:38:24,726 - INFO - Validation Loss: 0.1109
2024-12-09 01:38:24,726 - INFO - Sequence Error Rate: 0.8587
2024-12-09 01:38:24,726 - INFO - Symbol Error Rate: 0.5147
2024-12-09 01:39:33,594 - INFO - Epoch 114/1000
2024-12-09 01:39:33,594 - INFO - Training Loss: 0.0657
2024-12-09 01:39:33,594 - INFO - Validation Loss: 0.1212
2024-12-09 01:39:33,594 - INFO - Sequence Error Rate: 0.8662
2024-12-09 01:39:33,594 - INFO - Symbol Error Rate: 0.5162
2024-12-09 01:40:42,407 - INFO - Epoch 115/1000
2024-12-09 01:40:42,407 - INFO - Training Loss: 0.0678
2024-12-09 01:40:42,407 - INFO - Validation Loss: 0.1106
2024-12-09 01:40:42,407 - INFO - Sequence Error Rate: 0.8656
2024-12-09 01:40:42,407 - INFO - Symbol Error Rate: 0.5148
2024-12-09 01:41:51,539 - INFO - Epoch 116/1000
2024-12-09 01:41:51,539 - INFO - Training Loss: 0.0646
2024-12-09 01:41:51,539 - INFO - Validation Loss: 0.1141
2024-12-09 01:41:51,539 - INFO - Sequence Error Rate: 0.8622
2024-12-09 01:41:51,539 - INFO - Symbol Error Rate: 0.5149
2024-12-09 01:43:00,096 - INFO - Epoch 117/1000
2024-12-09 01:43:00,096 - INFO - Training Loss: 0.0586
2024-12-09 01:43:00,096 - INFO - Validation Loss: 0.1082
2024-12-09 01:43:00,096 - INFO - Sequence Error Rate: 0.8619
2024-12-09 01:43:00,096 - INFO - Symbol Error Rate: 0.5140
2024-12-09 01:44:09,072 - INFO - Epoch 118/1000
2024-12-09 01:44:09,072 - INFO - Training Loss: 0.0553
2024-12-09 01:44:09,072 - INFO - Validation Loss: 0.1079
2024-12-09 01:44:09,072 - INFO - Sequence Error Rate: 0.8602
2024-12-09 01:44:09,072 - INFO - Symbol Error Rate: 0.5140
2024-12-09 01:45:17,993 - INFO - Epoch 119/1000
2024-12-09 01:45:17,993 - INFO - Training Loss: 0.0527
2024-12-09 01:45:17,993 - INFO - Validation Loss: 0.1087
2024-12-09 01:45:17,993 - INFO - Sequence Error Rate: 0.8612
2024-12-09 01:45:17,993 - INFO - Symbol Error Rate: 0.5141
2024-12-09 01:46:27,168 - INFO - Epoch 120/1000
2024-12-09 01:46:27,168 - INFO - Training Loss: 0.0550
2024-12-09 01:46:27,168 - INFO - Validation Loss: 0.1085
2024-12-09 01:46:27,168 - INFO - Sequence Error Rate: 0.8625
2024-12-09 01:46:27,168 - INFO - Symbol Error Rate: 0.5140
2024-12-09 01:47:35,963 - INFO - Epoch 121/1000
2024-12-09 01:47:35,963 - INFO - Training Loss: 0.0564
2024-12-09 01:47:35,963 - INFO - Validation Loss: 0.1107
2024-12-09 01:47:35,963 - INFO - Sequence Error Rate: 0.8619
2024-12-09 01:47:35,963 - INFO - Symbol Error Rate: 0.5143
2024-12-09 01:48:44,365 - INFO - Epoch 122/1000
2024-12-09 01:48:44,365 - INFO - Training Loss: 0.0557
2024-12-09 01:48:44,365 - INFO - Validation Loss: 0.1080
2024-12-09 01:48:44,365 - INFO - Sequence Error Rate: 0.8613
2024-12-09 01:48:44,365 - INFO - Symbol Error Rate: 0.5145
2024-12-09 01:49:53,107 - INFO - Epoch 123/1000
2024-12-09 01:49:53,107 - INFO - Training Loss: 0.0551
2024-12-09 01:49:53,108 - INFO - Validation Loss: 0.1071
2024-12-09 01:49:53,108 - INFO - Sequence Error Rate: 0.8614
2024-12-09 01:49:53,108 - INFO - Symbol Error Rate: 0.5140
2024-12-09 01:51:01,900 - INFO - Epoch 124/1000
2024-12-09 01:51:01,900 - INFO - Training Loss: 0.0633
2024-12-09 01:51:01,900 - INFO - Validation Loss: 0.1148
2024-12-09 01:51:01,900 - INFO - Sequence Error Rate: 0.8637
2024-12-09 01:51:01,900 - INFO - Symbol Error Rate: 0.5150
2024-12-09 01:52:10,898 - INFO - Epoch 125/1000
2024-12-09 01:52:10,898 - INFO - Training Loss: 0.0661
2024-12-09 01:52:10,898 - INFO - Validation Loss: 0.1145
2024-12-09 01:52:10,898 - INFO - Sequence Error Rate: 0.8715
2024-12-09 01:52:10,898 - INFO - Symbol Error Rate: 0.5150
2024-12-09 01:53:19,501 - INFO - Epoch 126/1000
2024-12-09 01:53:19,501 - INFO - Training Loss: 0.0629
2024-12-09 01:53:19,501 - INFO - Validation Loss: 0.1131
2024-12-09 01:53:19,501 - INFO - Sequence Error Rate: 0.8790
2024-12-09 01:53:19,501 - INFO - Symbol Error Rate: 0.5148
2024-12-09 01:54:27,710 - INFO - Epoch 127/1000
2024-12-09 01:54:27,711 - INFO - Training Loss: 0.0703
2024-12-09 01:54:27,711 - INFO - Validation Loss: 0.1250
2024-12-09 01:54:27,711 - INFO - Sequence Error Rate: 0.8636
2024-12-09 01:54:27,711 - INFO - Symbol Error Rate: 0.5167
2024-12-09 01:55:36,359 - INFO - Epoch 128/1000
2024-12-09 01:55:36,359 - INFO - Training Loss: 0.0634
2024-12-09 01:55:36,359 - INFO - Validation Loss: 0.1119
2024-12-09 01:55:36,359 - INFO - Sequence Error Rate: 0.8630
2024-12-09 01:55:36,359 - INFO - Symbol Error Rate: 0.5147
2024-12-09 01:56:44,775 - INFO - Epoch 129/1000
2024-12-09 01:56:44,775 - INFO - Training Loss: 0.0601
2024-12-09 01:56:44,775 - INFO - Validation Loss: 0.1116
2024-12-09 01:56:44,775 - INFO - Sequence Error Rate: 0.8591
2024-12-09 01:56:44,775 - INFO - Symbol Error Rate: 0.5144
2024-12-09 01:57:53,792 - INFO - Epoch 130/1000
2024-12-09 01:57:53,792 - INFO - Training Loss: 0.0503
2024-12-09 01:57:53,792 - INFO - Validation Loss: 0.1080
2024-12-09 01:57:53,793 - INFO - Sequence Error Rate: 0.8607
2024-12-09 01:57:53,793 - INFO - Symbol Error Rate: 0.5139
2024-12-09 01:59:02,622 - INFO - Epoch 131/1000
2024-12-09 01:59:02,622 - INFO - Training Loss: 0.0481
2024-12-09 01:59:02,622 - INFO - Validation Loss: 0.1082
2024-12-09 01:59:02,622 - INFO - Sequence Error Rate: 0.8550
2024-12-09 01:59:02,622 - INFO - Symbol Error Rate: 0.5137
2024-12-09 02:00:11,887 - INFO - Epoch 132/1000
2024-12-09 02:00:11,887 - INFO - Training Loss: 0.0496
2024-12-09 02:00:11,888 - INFO - Validation Loss: 0.1090
2024-12-09 02:00:11,888 - INFO - Sequence Error Rate: 0.8574
2024-12-09 02:00:11,888 - INFO - Symbol Error Rate: 0.5138
2024-12-09 02:01:20,206 - INFO - Epoch 133/1000
2024-12-09 02:01:20,206 - INFO - Training Loss: 0.0513
2024-12-09 02:01:20,206 - INFO - Validation Loss: 0.1118
2024-12-09 02:01:20,206 - INFO - Sequence Error Rate: 0.8655
2024-12-09 02:01:20,206 - INFO - Symbol Error Rate: 0.5139
2024-12-09 02:02:28,601 - INFO - Epoch 134/1000
2024-12-09 02:02:28,601 - INFO - Training Loss: 0.0485
2024-12-09 02:02:28,601 - INFO - Validation Loss: 0.1099
2024-12-09 02:02:28,601 - INFO - Sequence Error Rate: 0.8611
2024-12-09 02:02:28,601 - INFO - Symbol Error Rate: 0.5141
2024-12-09 02:03:37,713 - INFO - Epoch 135/1000
2024-12-09 02:03:37,713 - INFO - Training Loss: 0.0536
2024-12-09 02:03:37,713 - INFO - Validation Loss: 0.1104
2024-12-09 02:03:37,713 - INFO - Sequence Error Rate: 0.8561
2024-12-09 02:03:37,713 - INFO - Symbol Error Rate: 0.5141
2024-12-09 02:04:46,232 - INFO - Epoch 136/1000
2024-12-09 02:04:46,232 - INFO - Training Loss: 0.0483
2024-12-09 02:04:46,232 - INFO - Validation Loss: 0.1109
2024-12-09 02:04:46,232 - INFO - Sequence Error Rate: 0.8593
2024-12-09 02:04:46,232 - INFO - Symbol Error Rate: 0.5142
2024-12-09 02:05:54,875 - INFO - Epoch 137/1000
2024-12-09 02:05:54,875 - INFO - Training Loss: 0.0509
2024-12-09 02:05:54,875 - INFO - Validation Loss: 0.1143
2024-12-09 02:05:54,875 - INFO - Sequence Error Rate: 0.8572
2024-12-09 02:05:54,875 - INFO - Symbol Error Rate: 0.5143
2024-12-09 02:07:04,192 - INFO - Epoch 138/1000
2024-12-09 02:07:04,192 - INFO - Training Loss: 0.0456
2024-12-09 02:07:04,192 - INFO - Validation Loss: 0.1085
2024-12-09 02:07:04,192 - INFO - Sequence Error Rate: 0.8634
2024-12-09 02:07:04,192 - INFO - Symbol Error Rate: 0.5137
2024-12-09 02:08:13,554 - INFO - Epoch 139/1000
2024-12-09 02:08:13,554 - INFO - Training Loss: 0.0489
2024-12-09 02:08:13,554 - INFO - Validation Loss: 0.1133
2024-12-09 02:08:13,554 - INFO - Sequence Error Rate: 0.8569
2024-12-09 02:08:13,554 - INFO - Symbol Error Rate: 0.5142
2024-12-09 02:09:23,225 - INFO - Epoch 140/1000
2024-12-09 02:09:23,225 - INFO - Training Loss: 0.0456
2024-12-09 02:09:23,225 - INFO - Validation Loss: 0.1072
2024-12-09 02:09:23,225 - INFO - Sequence Error Rate: 0.8613
2024-12-09 02:09:23,226 - INFO - Symbol Error Rate: 0.5135
2024-12-09 02:10:32,725 - INFO - Epoch 141/1000
2024-12-09 02:10:32,725 - INFO - Training Loss: 0.0427
2024-12-09 02:10:32,725 - INFO - Validation Loss: 0.1091
2024-12-09 02:10:32,725 - INFO - Sequence Error Rate: 0.8555
2024-12-09 02:10:32,726 - INFO - Symbol Error Rate: 0.5136
2024-12-09 02:11:41,797 - INFO - Epoch 142/1000
2024-12-09 02:11:41,797 - INFO - Training Loss: 0.0444
2024-12-09 02:11:41,798 - INFO - Validation Loss: 0.1112
2024-12-09 02:11:41,798 - INFO - Sequence Error Rate: 0.8544
2024-12-09 02:11:41,798 - INFO - Symbol Error Rate: 0.5137
2024-12-09 02:12:51,293 - INFO - Epoch 143/1000
2024-12-09 02:12:51,293 - INFO - Training Loss: 0.0468
2024-12-09 02:12:51,294 - INFO - Validation Loss: 0.1111
2024-12-09 02:12:51,294 - INFO - Sequence Error Rate: 0.8562
2024-12-09 02:12:51,294 - INFO - Symbol Error Rate: 0.5136
2024-12-09 02:14:00,263 - INFO - Epoch 144/1000
2024-12-09 02:14:00,263 - INFO - Training Loss: 0.0407
2024-12-09 02:14:00,263 - INFO - Validation Loss: 0.1106
2024-12-09 02:14:00,263 - INFO - Sequence Error Rate: 0.8617
2024-12-09 02:14:00,263 - INFO - Symbol Error Rate: 0.5133
2024-12-09 02:15:09,680 - INFO - Epoch 145/1000
2024-12-09 02:15:09,680 - INFO - Training Loss: 0.0422
2024-12-09 02:15:09,680 - INFO - Validation Loss: 0.1086
2024-12-09 02:15:09,680 - INFO - Sequence Error Rate: 0.8570
2024-12-09 02:15:09,680 - INFO - Symbol Error Rate: 0.5135
